{"total": {"lines":{"total":77,"covered":74,"skipped":0,"pct":96.1},"statements":{"total":81,"covered":78,"skipped":0,"pct":96.29},"functions":{"total":17,"covered":17,"skipped":0,"pct":100},"branches":{"total":14,"covered":11,"skipped":0,"pct":78.57},"branchesTrue":{"total":0,"covered":0,"skipped":0,"pct":100}}
,"/app/hooks/use-game-storage.ts": {"lines":{"total":44,"covered":41,"skipped":0,"pct":93.18},"functions":{"total":12,"covered":12,"skipped":0,"pct":100},"statements":{"total":46,"covered":43,"skipped":0,"pct":93.47},"branches":{"total":8,"covered":7,"skipped":0,"pct":87.5}}
,"/app/utils/game_logic.ts": {"lines":{"total":33,"covered":33,"skipped":0,"pct":100},"functions":{"total":5,"covered":5,"skipped":0,"pct":100},"statements":{"total":35,"covered":35,"skipped":0,"pct":100},"branches":{"total":6,"covered":4,"skipped":0,"pct":66.66}}
}
