TN:
SF:hooks/use-game-storage.ts
FN:26,getStorage
FN:29,(anonymous_2)
FN:30,(anonymous_3)
FN:36,useGameStorage
FN:40,(anonymous_5)
FN:58,(anonymous_6)
FN:62,(anonymous_7)
FN:72,(anonymous_8)
FN:73,(anonymous_9)
FN:77,(anonymous_10)
FN:89,(anonymous_11)
FN:90,(anonymous_12)
FNF:12
FNH:12
FNDA:10,getStorage
FNDA:6,(anonymous_2)
FNDA:3,(anonymous_3)
FNDA:17,useGameStorage
FNDA:7,(anonymous_5)
FNDA:7,(anonymous_6)
FNDA:3,(anonymous_7)
FNDA:1,(anonymous_8)
FNDA:2,(anonymous_9)
FNDA:2,(anonymous_10)
FNDA:1,(anonymous_11)
FNDA:1,(anonymous_12)
DA:1,1
DA:2,1
DA:3,1
DA:5,1
DA:27,10
DA:28,9
DA:29,6
DA:30,3
DA:33,1
DA:36,1
DA:37,17
DA:38,17
DA:40,17
DA:41,7
DA:42,7
DA:43,7
DA:44,7
DA:45,7
DA:46,5
DA:48,2
DA:51,0
DA:52,0
DA:54,7
DA:58,17
DA:59,7
DA:62,17
DA:63,3
DA:64,3
DA:65,3
DA:66,3
DA:68,0
DA:72,17
DA:73,2
DA:74,1
DA:77,17
DA:78,2
DA:79,1
DA:83,1
DA:84,1
DA:85,1
DA:89,17
DA:90,1
DA:91,1
DA:94,17
LF:44
LH:41
BRDA:27,0,0,9
BRDA:27,0,1,1
BRDA:45,1,0,5
BRDA:45,1,1,2
BRDA:78,2,0,1
BRDA:78,2,1,1
BRDA:90,3,0,1
BRDA:90,3,1,0
BRF:8
BRH:7
end_of_record
TN:
SF:utils/game_logic.ts
FN:22,(anonymous_1)
FN:51,(anonymous_2)
FN:69,(anonymous_3)
FN:94,(anonymous_4)
FN:96,(anonymous_5)
FNF:5
FNH:5
FNDA:5,(anonymous_1)
FNDA:4,(anonymous_2)
FNDA:3,(anonymous_3)
FNDA:1,(anonymous_4)
FNDA:1,(anonymous_5)
DA:1,1
DA:22,1
DA:23,5
DA:25,5
DA:27,5
DA:29,5
DA:51,1
DA:55,4
DA:57,4
DA:61,4
DA:62,1
DA:66,3
DA:67,3
DA:69,3
DA:70,3
DA:71,3
DA:72,3
DA:74,3
DA:79,3
DA:84,3
DA:91,3
DA:92,3
DA:94,3
DA:95,1
DA:96,1
DA:98,1
DA:100,1
DA:101,1
DA:104,1
DA:106,1
DA:110,3
DA:111,3
DA:116,3
LF:33
LH:33
BRDA:61,0,0,1
BRDA:61,0,1,3
BRDA:71,1,0,3
BRDA:71,1,1,0
BRDA:98,2,0,1
BRDA:98,2,1,0
BRF:6
BRH:4
end_of_record
